2018-11-13 16:45:13.905 - INFO  [           main] bstractTestContextBootstrapper : Neither @ContextConfiguration nor @ContextHierarchy found for test class [com.scwl.cloud.consumers.controller.JacksonDemo], using SpringBootContextLoader
2018-11-13 16:45:13.922 - INFO  [           main] .s.t.c.s.AbstractContextLoader : Could not detect default resource locations for test class [com.scwl.cloud.consumers.controller.JacksonDemo]: no resource found for suffixes {-context.xml, Context.groovy}.
2018-11-13 16:45:13.924 - INFO  [           main] tationConfigContextLoaderUtils : Could not detect default configuration classes for test class [com.scwl.cloud.consumers.controller.JacksonDemo]: JacksonDemo does not declare any static, non-private, non-final, nested classes annotated with @Configuration.
2018-11-13 16:45:14.090 - INFO  [           main] ingBootTestContextBootstrapper : Found @SpringBootConfiguration com.scwl.cloud.CloudApplication for test class com.scwl.cloud.consumers.controller.JacksonDemo
2018-11-13 16:45:14.261 - INFO  [           main] bstractTestContextBootstrapper : Loaded default TestExecutionListener class names from location [META-INF/spring.factories]: [org.springframework.boot.test.mock.mockito.MockitoTestExecutionListener, org.springframework.boot.test.mock.mockito.ResetMocksTestExecutionListener, org.springframework.boot.test.autoconfigure.restdocs.RestDocsTestExecutionListener, org.springframework.boot.test.autoconfigure.web.client.MockRestServiceServerResetTestExecutionListener, org.springframework.boot.test.autoconfigure.web.servlet.MockMvcPrintOnlyOnFailureTestExecutionListener, org.springframework.boot.test.autoconfigure.web.servlet.WebDriverTestExecutionListener, org.springframework.test.context.web.ServletTestExecutionListener, org.springframework.test.context.support.DirtiesContextBeforeModesTestExecutionListener, org.springframework.test.context.support.DependencyInjectionTestExecutionListener, org.springframework.test.context.support.DirtiesContextTestExecutionListener, org.springframework.test.context.transaction.TransactionalTestExecutionListener, org.springframework.test.context.jdbc.SqlScriptsTestExecutionListener]
2018-11-13 16:45:14.282 - INFO  [           main] bstractTestContextBootstrapper : Using TestExecutionListeners: [org.springframework.test.context.web.ServletTestExecutionListener@1c6e0a08, org.springframework.test.context.support.DirtiesContextBeforeModesTestExecutionListener@6dba847b, org.springframework.boot.test.mock.mockito.MockitoTestExecutionListener@1efdcd5, org.springframework.boot.test.autoconfigure.SpringBootDependencyInjectionTestExecutionListener@1623bbe5, org.springframework.test.context.support.DirtiesContextTestExecutionListener@7af1cd63, org.springframework.test.context.transaction.TransactionalTestExecutionListener@4351171a, org.springframework.test.context.jdbc.SqlScriptsTestExecutionListener@3c2772d1, org.springframework.boot.test.mock.mockito.ResetMocksTestExecutionListener@37d00a23, org.springframework.boot.test.autoconfigure.restdocs.RestDocsTestExecutionListener@433e536f, org.springframework.boot.test.autoconfigure.web.client.MockRestServiceServerResetTestExecutionListener@89c65d5, org.springframework.boot.test.autoconfigure.web.servlet.MockMvcPrintOnlyOnFailureTestExecutionListener@faa3fed, org.springframework.boot.test.autoconfigure.web.servlet.WebDriverTestExecutionListener@381cad29]
2018-11-13 16:45:14.681 - INFO  [           main] o.s.b.StartupInfoLogger        : Starting JacksonDemo on weizhibangdeMacBook-Pro.local with PID 2107 (started by weizhibang in /Users/weizhibang/work/IDEA/cloud_rest)
2018-11-13 16:45:14.682 - INFO  [           main] o.s.b.SpringApplication        : No active profile set, falling back to default profiles: default
2018-11-13 16:45:14.738 - INFO  [           main] c.s.AbstractApplicationContext : Refreshing org.springframework.web.context.support.GenericWebApplicationContext@59546cfe: startup date [Tue Nov 13 16:45:14 CST 2018]; root of context hierarchy
2018-11-13 16:45:16.468 - INFO  [           main] .s.h.AbstractUrlHandlerMapping : Mapped URL path [/**/favicon.ico] onto handler of type [class org.springframework.web.servlet.resource.ResourceHttpRequestHandler]
2018-11-13 16:45:16.807 - INFO  [           main] a.RequestMappingHandlerAdapter : Looking for @ControllerAdvice: org.springframework.web.context.support.GenericWebApplicationContext@59546cfe: startup date [Tue Nov 13 16:45:14 CST 2018]; root of context hierarchy
2018-11-13 16:45:16.899 - INFO  [           main] rMethodMapping$MappingRegistry : Mapped "{[/cloud_users/demo],methods=[GET],produces=[application/json]}" onto public java.lang.String com.scwl.cloud.consumers.controller.UserController.getUserDemoList()
2018-11-13 16:45:16.901 - INFO  [           main] rMethodMapping$MappingRegistry : Mapped "{[/cloud_users/user],methods=[GET],produces=[application/json]}" onto public java.lang.String com.scwl.cloud.consumers.controller.UserController.getUserPaht(int)
2018-11-13 16:45:16.901 - INFO  [           main] rMethodMapping$MappingRegistry : Mapped "{[/cloud_users/user/{id}],methods=[GET],produces=[application/json]}" onto public com.scwl.cloud.consumers.domain.UserDomain com.scwl.cloud.consumers.controller.UserController.getUser(java.lang.String)
2018-11-13 16:45:16.904 - INFO  [           main] rMethodMapping$MappingRegistry : Mapped "{[/error]}" onto public org.springframework.http.ResponseEntity<java.util.Map<java.lang.String, java.lang.Object>> org.springframework.boot.autoconfigure.web.servlet.error.BasicErrorController.error(javax.servlet.http.HttpServletRequest)
2018-11-13 16:45:16.905 - INFO  [           main] rMethodMapping$MappingRegistry : Mapped "{[/error],produces=[text/html]}" onto public org.springframework.web.servlet.ModelAndView org.springframework.boot.autoconfigure.web.servlet.error.BasicErrorController.errorHtml(javax.servlet.http.HttpServletRequest,javax.servlet.http.HttpServletResponse)
2018-11-13 16:45:16.940 - INFO  [           main] .s.h.AbstractUrlHandlerMapping : Mapped URL path [/webjars/**] onto handler of type [class org.springframework.web.servlet.resource.ResourceHttpRequestHandler]
2018-11-13 16:45:16.940 - INFO  [           main] .s.h.AbstractUrlHandlerMapping : Mapped URL path [/**] onto handler of type [class org.springframework.web.servlet.resource.ResourceHttpRequestHandler]
2018-11-13 16:45:17.220 - INFO  [           main] o.s.b.StartupInfoLogger        : Started JacksonDemo in 2.871 seconds (JVM running for 5.159)
2018-11-13 16:45:17.484 - INFO  [           main] c.s.c.c.c.JacksonDemo          : {"id":null,"name":"小民","username":null,"age":20,"balance":null}
2018-11-13 16:45:17.493 - INFO  [           main] c.s.c.c.c.JacksonDemo          : [{"id":null,"name":"小民","username":null,"age":20,"balance":null}]
2018-11-13 16:45:17.534 - INFO  [           main] c.s.c.c.c.JacksonDemo          : UserDomain{id=null, name='小民', username='null', age=20, balance=null}
2018-11-13 16:45:17.542 - INFO  [           main] c.s.c.c.c.JacksonDemo          : equals:true
2018-11-13 16:45:17.543 - INFO  [           main] c.s.c.c.c.JacksonDemo          : ====:1142580713
2018-11-13 16:45:17.543 - INFO  [           main] c.s.c.c.c.JacksonDemo          : ====:1142580713
2018-11-13 16:45:17.553 - INFO  [       Thread-3] c.s.AbstractApplicationContext : Closing org.springframework.web.context.support.GenericWebApplicationContext@59546cfe: startup date [Tue Nov 13 16:45:14 CST 2018]; root of context hierarchy
